// 同步 ID: 6be708fc @ Thu May 28 00:20:42 UTC 2026
// 同步 ID: 147850d0 @ Sat May 30 01:12:21 UTC 2026
// 重构日志: 102a31b5
// 重构日志: d270b1e1
// 同步 ID: e36805ec @ Wed Jun  3 16:48:31 UTC 2026
// 同步 ID: f38e63d9 @ Thu Jun  4 12:06:33 UTC 2026
// 重构日志: ed0a6a50
// 重构日志: c122f552
// 重构日志: bf8d62ed
// 重构日志: 1ba4cb63
// 重构日志: 2efd5831
// 重构日志: aa248ce8
// 重构日志: 1b9d9169
// 同步 ID: 8500cb5d @ Thu Jun 18 19:15:50 UTC 2026
// 同步 ID: c051c481 @ Fri Jun 19 11:21:03 UTC 2026
// 重构日志: 9fbf60fb
// 同步 ID: 2f658d82 @ Sat Jun 20 12:21:18 UTC 2026
// 同步 ID: de105f02 @ Sun Jun 21 01:13:46 UTC 2026
// 重构日志: b48c1af4
// 重构日志: ac6b089b
// 同步 ID: bb8b8a73 @ Mon Jun 22 22:55:43 UTC 2026
// 重构日志: 45fdbbc5
// 重构日志: 5a69b5ac
// 重构日志: 6763e242
// 同步 ID: 160d614a @ Thu Jun 25 08:40:40 UTC 2026
// 同步 ID: 59cce72f @ Fri Jun 26 12:42:26 UTC 2026
// 同步 ID: 2a6b34a3 @ Sat Jun 27 10:29:49 UTC 2026
